<?xml version="1.0" encoding="UTF-8"?>
<testng-results skipped="0" failed="0" ignored="0" total="1" passed="1">
  <reporter-output>
  </reporter-output>
  <suite name="Default suite" duration-ms="91656" started-at="2021-04-17T22:03:53 IST" finished-at="2021-04-17T22:05:24 IST">
    <groups>
    </groups>
    <test name="Default test" duration-ms="91656" started-at="2021-04-17T22:03:53 IST" finished-at="2021-04-17T22:05:24 IST">
      <class name="driver.DriverScript">
        <test-method status="PASS" signature="loadClasses()[pri:0, instance:driver.DriverScript@6895a785]" name="loadClasses" is-config="true" duration-ms="297" started-at="2021-04-17T22:03:52 IST" finished-at="2021-04-17T22:03:53 IST">
          <reporter-output>
          </reporter-output>
        </test-method> <!-- loadClasses -->
        <test-method status="PASS" signature="executeTest()[pri:0, instance:driver.DriverScript@6895a785]" name="executeTest" duration-ms="91606" started-at="2021-04-17T22:03:53 IST" finished-at="2021-04-17T22:05:24 IST">
          <reporter-output>
          </reporter-output>
        </test-method> <!-- executeTest -->
      </class> <!-- driver.DriverScript -->
    </test> <!-- Default test -->
  </suite> <!-- Default suite -->
</testng-results>
